#
# There is insufficient memory for the Java Runtime Environment to continue.
# Native memory allocation (malloc) failed to allocate 1048576 bytes for AllocateHeap
# Possible reasons:
#   The system is out of physical RAM or swap space
#   The process is running with CompressedOops enabled, and the Java Heap may be blocking the growth of the native heap
# Possible solutions:
#   Reduce memory load on the system
#   Increase physical memory or swap space
#   Check if swap backing store is full
#   Decrease Java heap size (-Xmx/-Xms)
#   Decrease number of Java threads
#   Decrease Java thread stack sizes (-Xss)
#   Set larger code cache with -XX:ReservedCodeCacheSize=
#   JVM is running with Unscaled Compressed Oops mode in which the Java heap is
#     placed in the first 4GB address space. The Java Heap base address is the
#     maximum limit for the native heap growth. Please use -XX:HeapBaseMinAddress
#     to set the Java Heap base and to place the Java Heap above 4GB virtual address.
# This output file may be truncated or incomplete.
#
#  Out of Memory Error (t:/workspace/open/src/hotspot/share/memory/allocation.cpp:46), pid=9544, tid=13732
#
# JRE version: Java(TM) SE Runtime Environment (11.0.2+9) (build 11.0.2+9-LTS)
# Java VM: Java HotSpot(TM) 64-Bit Server VM (11.0.2+9-LTS, mixed mode, tiered, compressed oops, g1 gc, windows-amd64)
# No core dump will be written. Minidumps are not enabled by default on client versions of Windows
#

---------------  S U M M A R Y ------------

Command Line: jenkins.maven3.agent.Maven35Main C:\Users\VMQApractice\.jenkins\tools\hudson.tasks.Maven_MavenInstallation\TestMaven C:\Users\VMQApractice\.jenkins\war\WEB-INF\lib\remoting-3.33.jar C:\Users\VMQApractice\.jenkins\plugins\maven-plugin\WEB-INF\lib\maven35-interceptor-1.13.jar C:\Users\VMQApractice\.jenkins\plugins\maven-plugin\WEB-INF\lib\maven3-interceptor-commons-1.13.jar 50291

Host: Intel(R) Xeon(R) CPU E5-2660 0 @ 2.20GHz, 2 cores, 6G,  Windows 10 , 64 bit Build 17134 (10.0.17134.753)
Time: Thu Sep  5 09:24:45 2019 Coordinated Universal Time elapsed time: 30 seconds (0d 0h 0m 30s)

---------------  T H R E A D  ---------------

Current thread (0x000001db39c42800):  VMThread "VM Thread" [stack: 0x000000251ff00000,0x0000002520000000] [id=13732]

Stack: [0x000000251ff00000,0x0000002520000000]
[error occurred during error reporting (printing stack bounds), id 0xc0000005, EXCEPTION_ACCESS_VIOLATION (0xc0000005) at pc=0x000001db24990bad]

Native frames: (J=compiled Java code, j=interpreted, Vv=VM code, C=native code)
V  [jvm.dll+0x63574a]
V  [jvm.dll+0x77326f]
V  [jvm.dll+0x77491a]
V  [jvm.dll+0x774f35]
V  [jvm.dll+0x774eeb]
V  [jvm.dll+0x634e56]
V  [jvm.dll+0x635218]
C  [ntdll.dll+0x9f7dd]
C  [ntdll.dll+0xd856]
C  [ntdll.dll+0x9e70e]
C  0x000001db24990bad

VM_Operation (0x00000025224f6b60): CollectForMetadataAllocation, mode: safepoint, requested by thread 0x000001db3ae0b800


---------------  P R O C E S S  ---------------

Threads class SMR info:
_java_thread_list=0x000001db3c1bc090, length=174, elements={
0x000001db1c665800, 0x000001db39c46000, 0x000001db39c47800, 0x000001db39c60000,
0x000001db39c62000, 0x000001db39c63000, 0x000001db3a600000, 0x000001db3a606000,
0x000001db3a6f5000, 0x000001db3a70c000, 0x000001db3a9df800, 0x000001db3be28000,
0x000001db3be28800, 0x000001db3aebf000, 0x000001db3aec0000, 0x000001db3a9ce800,
0x000001db3a9cf000, 0x000001db3b757000, 0x000001db3b093000, 0x000001db3ad8b800,
0x000001db3ac7f000, 0x000001db3ac7d800, 0x000001db3ac7c800, 0x000001db3ac79800,
0x000001db3ac7e000, 0x000001db3ac80000, 0x000001db3ac7b000, 0x000001db3ac7a000,
0x000001db3ac7c000, 0x000001db3ae05000, 0x000001db3ae04000, 0x000001db3ae05800,
0x000001db3ae0a800, 0x000001db3ae06800, 0x000001db3ae0a000, 0x000001db3ae0b800,
0x000001db3ae0c800, 0x000001db3ae0d000, 0x000001db3ae07800, 0x000001db3ae0e000,
0x000001db3ae08000, 0x000001db3ae0e800, 0x000001db3ae09000, 0x000001db3ae0f800,
0x000001db3ae13000, 0x000001db3ae12000, 0x000001db3ae10800, 0x000001db3ae11000,
0x000001db3ccef800, 0x000001db3ccf0000, 0x000001db3ccf4000, 0x000001db3ccf6800,
0x000001db3ccf5000, 0x000001db3ccf1000, 0x000001db3ccf6000, 0x000001db3ccf7800,
0x000001db3ccf2000, 0x000001db3ccf2800, 0x000001db3ccf3800, 0x000001db3ccfa000,
0x000001db3ccfe000, 0x000001db3ccfb800, 0x000001db3ccfc800, 0x000001db3ccfa800,
0x000001db3ccfd000, 0x000001db3ccf8800, 0x000001db3ccf9000, 0x000001db3cbad800,
0x000001db3cbaf000, 0x000001db3cbb0000, 0x000001db3cbab000, 0x000001db3cbac000,
0x000001db3cbae800, 0x000001db3cbb1000, 0x000001db3cbb2800, 0x000001db3cbb1800,
0x000001db3cbad000, 0x000001db3cbb6800, 0x000001db3cbb8000, 0x000001db3cbb9000,
0x000001db3cbb7800, 0x000001db3cbb3800, 0x000001db3cbb5000, 0x000001db3cbba000,
0x000001db3cbb4000, 0x000001db3cbb5800, 0x000001db3c32c800, 0x000001db3c32b000,
0x000001db3c327000, 0x000001db3c32c000, 0x000001db3c32d800, 0x000001db3c328000,
0x000001db3c32a800, 0x000001db3c328800, 0x000001db3c32e800, 0x000001db3c32f000,
0x000001db3c329800, 0x000001db3c332800, 0x000001db3c333000, 0x000001db3c335800,
0x000001db3c335000, 0x000001db3c334000, 0x000001db3c330000, 0x000001db3c331000,
0x000001db3c331800, 0x000001db3abaa800, 0x000001db3abac800, 0x000001db3abab000,
0x000001db3abad800, 0x000001db3abac000, 0x000001db3abae800, 0x000001db3abaf000,
0x000001db3aba9800, 0x000001db3abb2800, 0x000001db3abb1000, 0x000001db3abb0000,
0x000001db3abb4000, 0x000001db3abb5000, 0x000001db3abb6800, 0x000001db3abb5800,
0x000001db3abb7800, 0x000001db3abb1800, 0x000001db3abb8000, 0x000001db3abb3000,
0x000001db3b6c2000, 0x000001db3b6c3000, 0x000001db3b6be800, 0x000001db3b6be000,
0x000001db3b6c3800, 0x000001db3b6c4800, 0x000001db3b6c1000, 0x000001db3b6c0800,
0x000001db3b6bf800, 0x000001db3b6c6000, 0x000001db3b6c7000, 0x000001db3b6ca000,
0x000001db3b6c5000, 0x000001db3b6c9800, 0x000001db3b6cb000, 0x000001db3b6cc800,
0x000001db3b6c7800, 0x000001db3b6c8800, 0x000001db3b6cc000, 0x000001db3cab8000,
0x000001db3cabd000, 0x000001db3caba800, 0x000001db3cabb800, 0x000001db3caba000,
0x000001db3cabc800, 0x000001db3cabe000, 0x000001db3cab9000, 0x000001db3cac2000,
0x000001db3cac0800, 0x000001db3cabe800, 0x000001db3cac3000, 0x000001db3cac1000,
0x000001db3cac3800, 0x000001db3cac4800, 0x000001db3cabf800, 0x000001db3cac5000,
0x000001db3cac6000, 0x000001db3cac7000, 0x000001db3cada800, 0x000001db3cada000,
0x000001db3cadc800, 0x000001db3cadb800, 0x000001db3cad9000, 0x000001db3cadd000,
0x000001db3cade000, 0x000001db3cad8000, 0x000001db3cade800, 0x000001db3cae3000,
0x000001db3cae1000, 0x000001db3cae5000
}

Java Threads: ( => current thread )
  0x000001db1c665800 JavaThread "main" [_thread_blocked, id=14276, stack(0x000000251f900000,0x000000251fa00000)]
  0x000001db39c46000 JavaThread "Reference Handler" daemon [_thread_blocked, id=9908, stack(0x0000002520000000,0x0000002520100000)]
  0x000001db39c47800 JavaThread "Finalizer" daemon [_thread_blocked, id=10844, stack(0x0000002520100000,0x0000002520200000)]
  0x000001db39c60000 JavaThread "Signal Dispatcher" daemon [_thread_blocked, id=11196, stack(0x0000002520200000,0x0000002520300000)]
  0x000001db39c62000 JavaThread "Attach Listener" daemon [_thread_blocked, id=16236, stack(0x0000002520300000,0x0000002520400000)]
  0x000001db39c63000 JavaThread "C2 CompilerThread0" daemon [_thread_blocked, id=8648, stack(0x0000002520400000,0x0000002520500000)]
  0x000001db3a600000 JavaThread "C1 CompilerThread0" daemon [_thread_blocked, id=12776, stack(0x0000002520500000,0x0000002520600000)]
  0x000001db3a606000 JavaThread "Sweeper thread" daemon [_thread_blocked, id=1472, stack(0x0000002520600000,0x0000002520700000)]
  0x000001db3a6f5000 JavaThread "Service Thread" daemon [_thread_blocked, id=12172, stack(0x0000002520700000,0x0000002520800000)]
  0x000001db3a70c000 JavaThread "Common-Cleaner" daemon [_thread_blocked, id=13328, stack(0x0000002520900000,0x0000002520a00000)]
  0x000001db3a9df800 JavaThread "RemoteInvocationHandler [#1]" daemon [_thread_blocked, id=3700, stack(0x0000002520b00000,0x0000002520c00000)]
  0x000001db3be28000 JavaThread "Channel reader thread: channel" [_thread_in_native, id=7528, stack(0x0000002520c00000,0x0000002520d00000)]
  0x000001db3be28800 JavaThread "pool-1-thread-1" [_thread_blocked, id=13216, stack(0x0000002520d00000,0x0000002520e00000)]
  0x000001db3aebf000 JavaThread "pool-1-thread-2" [_thread_blocked, id=12684, stack(0x0000002520e00000,0x0000002520f00000)]
  0x000001db3aec0000 JavaThread "pool-1-thread-3" [_thread_blocked, id=11900, stack(0x0000002520f00000,0x0000002521000000)]
  0x000001db3a9ce800 JavaThread "pool-1-thread-4" [_thread_blocked, id=8608, stack(0x0000002521000000,0x0000002521100000)]
  0x000001db3a9cf000 JavaThread "pool-1-thread-5" [_thread_blocked, id=4472, stack(0x0000002521100000,0x0000002521200000)]
  0x000001db3b757000 JavaThread "pool-1-thread-6" [_thread_blocked, id=13588, stack(0x0000002521200000,0x0000002521300000)]
  0x000001db3b093000 JavaThread "pool-1-thread-7" [_thread_blocked, id=4476, stack(0x0000002521300000,0x0000002521400000)]
  0x000001db3ad8b800 JavaThread "pool-1-thread-8" [_thread_blocked, id=12164, stack(0x0000002521400000,0x0000002521500000)]
  0x000001db3ac7f000 JavaThread "pool-1-thread-9" [_thread_blocked, id=2920, stack(0x0000002521500000,0x0000002521600000)]
  0x000001db3ac7d800 JavaThread "pool-1-thread-10" [_thread_blocked, id=10960, stack(0x0000002521600000,0x0000002521700000)]
  0x000001db3ac7c800 JavaThread "pool-1-thread-11" [_thread_blocked, id=15736, stack(0x0000002521700000,0x0000002521800000)]
  0x000001db3ac79800 JavaThread "pool-1-thread-12" [_thread_blocked, id=15212, stack(0x0000002521800000,0x0000002521900000)]
  0x000001db3ac7e000 JavaThread "pool-1-thread-13" [_thread_blocked, id=7972, stack(0x0000002521900000,0x0000002521a00000)]
  0x000001db3ac80000 JavaThread "pool-1-thread-14" [_thread_blocked, id=12448, stack(0x0000002521a00000,0x0000002521b00000)]
  0x000001db3ac7b000 JavaThread "pool-1-thread-15" [_thread_blocked, id=10952, stack(0x0000002521b00000,0x0000002521c00000)]
  0x000001db3ac7a000 JavaThread "pool-1-thread-16" [_thread_blocked, id=3616, stack(0x0000002521c00000,0x0000002521d00000)]
  0x000001db3ac7c000 JavaThread "pool-1-thread-17" [_thread_blocked, id=14684, stack(0x0000002521d00000,0x0000002521e00000)]
  0x000001db3ae05000 JavaThread "pool-1-thread-18" [_thread_blocked, id=13852, stack(0x0000002521e00000,0x0000002521f00000)]
  0x000001db3ae04000 JavaThread "pool-1-thread-19" [_thread_blocked, id=10108, stack(0x0000002521f00000,0x0000002522000000)]
  0x000001db3ae05800 JavaThread "pool-1-thread-20" [_thread_blocked, id=8512, stack(0x0000002522000000,0x0000002522100000)]
  0x000001db3ae0a800 JavaThread "pool-1-thread-21" [_thread_blocked, id=11764, stack(0x0000002522100000,0x0000002522200000)]
  0x000001db3ae06800 JavaThread "pool-1-thread-22" [_thread_blocked, id=14528, stack(0x0000002522200000,0x0000002522300000)]
  0x000001db3ae0a000 JavaThread "pool-1-thread-23" [_thread_blocked, id=1388, stack(0x0000002522300000,0x0000002522400000)]
  0x000001db3ae0b800 JavaThread "pool-1-thread-24 for channel id=130" [_thread_blocked, id=7792, stack(0x0000002522400000,0x0000002522500000)]
  0x000001db3ae0c800 JavaThread "pool-1-thread-25" [_thread_blocked, id=7248, stack(0x0000002522500000,0x0000002522600000)]
  0x000001db3ae0d000 JavaThread "pool-1-thread-26" [_thread_blocked, id=6608, stack(0x0000002522600000,0x0000002522700000)]
  0x000001db3ae07800 JavaThread "pool-1-thread-27" [_thread_blocked, id=7656, stack(0x0000002522700000,0x0000002522800000)]
  0x000001db3ae0e000 JavaThread "pool-1-thread-28" [_thread_blocked, id=2712, stack(0x0000002522800000,0x0000002522900000)]
  0x000001db3ae08000 JavaThread "pool-1-thread-29" [_thread_blocked, id=2800, stack(0x0000002522900000,0x0000002522a00000)]
  0x000001db3ae0e800 JavaThread "pool-1-thread-30" [_thread_blocked, id=4080, stack(0x0000002522a00000,0x0000002522b00000)]
  0x000001db3ae09000 JavaThread "pool-1-thread-31" [_thread_blocked, id=13892, stack(0x0000002522b00000,0x0000002522c00000)]
  0x000001db3ae0f800 JavaThread "pool-1-thread-32" [_thread_blocked, id=11980, stack(0x0000002522c00000,0x0000002522d00000)]
  0x000001db3ae13000 JavaThread "pool-1-thread-33" [_thread_blocked, id=7428, stack(0x0000002522d00000,0x0000002522e00000)]
  0x000001db3ae12000 JavaThread "pool-1-thread-34" [_thread_blocked, id=12176, stack(0x0000002522e00000,0x0000002522f00000)]
  0x000001db3ae10800 JavaThread "pool-1-thread-35" [_thread_blocked, id=15552, stack(0x0000002522f00000,0x0000002523000000)]
  0x000001db3ae11000 JavaThread "pool-1-thread-36" [_thread_blocked, id=13492, stack(0x0000002523000000,0x0000002523100000)]
  0x000001db3ccef800 JavaThread "pool-1-thread-37" [_thread_blocked, id=5932, stack(0x0000002523100000,0x0000002523200000)]
  0x000001db3ccf0000 JavaThread "pool-1-thread-38" [_thread_blocked, id=7872, stack(0x0000002523200000,0x0000002523300000)]
  0x000001db3ccf4000 JavaThread "pool-1-thread-39" [_thread_blocked, id=10360, stack(0x0000002523300000,0x0000002523400000)]
  0x000001db3ccf6800 JavaThread "pool-1-thread-40" [_thread_blocked, id=11400, stack(0x0000002523400000,0x0000002523500000)]
  0x000001db3ccf5000 JavaThread "pool-1-thread-41" [_thread_blocked, id=8840, stack(0x0000002523500000,0x0000002523600000)]
  0x000001db3ccf1000 JavaThread "pool-1-thread-42" [_thread_blocked, id=8576, stack(0x0000002523600000,0x0000002523700000)]
  0x000001db3ccf6000 JavaThread "pool-1-thread-43" [_thread_blocked, id=13252, stack(0x0000002523700000,0x0000002523800000)]
  0x000001db3ccf7800 JavaThread "pool-1-thread-44" [_thread_blocked, id=13180, stack(0x0000002523800000,0x0000002523900000)]
  0x000001db3ccf2000 JavaThread "pool-1-thread-45" [_thread_blocked, id=14184, stack(0x0000002523900000,0x0000002523a00000)]
  0x000001db3ccf2800 JavaThread "pool-1-thread-46" [_thread_blocked, id=14000, stack(0x0000002523a00000,0x0000002523b00000)]
  0x000001db3ccf3800 JavaThread "pool-1-thread-47" [_thread_blocked, id=15832, stack(0x0000002523b00000,0x0000002523c00000)]
  0x000001db3ccfa000 JavaThread "pool-1-thread-48" [_thread_blocked, id=14720, stack(0x0000002523c00000,0x0000002523d00000)]
  0x000001db3ccfe000 JavaThread "pool-1-thread-49" [_thread_blocked, id=12848, stack(0x0000002523d00000,0x0000002523e00000)]
  0x000001db3ccfb800 JavaThread "pool-1-thread-50" [_thread_blocked, id=14848, stack(0x0000002523e00000,0x0000002523f00000)]
  0x000001db3ccfc800 JavaThread "pool-1-thread-51" [_thread_blocked, id=11464, stack(0x0000002523f00000,0x0000002524000000)]
  0x000001db3ccfa800 JavaThread "pool-1-thread-52" [_thread_blocked, id=14352, stack(0x0000002524000000,0x0000002524100000)]
  0x000001db3ccfd000 JavaThread "pool-1-thread-53" [_thread_blocked, id=7036, stack(0x0000002524100000,0x0000002524200000)]
  0x000001db3ccf8800 JavaThread "pool-1-thread-54" [_thread_blocked, id=14048, stack(0x0000002524200000,0x0000002524300000)]
  0x000001db3ccf9000 JavaThread "pool-1-thread-55" [_thread_blocked, id=14396, stack(0x0000002524300000,0x0000002524400000)]
  0x000001db3cbad800 JavaThread "pool-1-thread-56" [_thread_blocked, id=7844, stack(0x0000002524400000,0x0000002524500000)]
  0x000001db3cbaf000 JavaThread "pool-1-thread-57" [_thread_blocked, id=12680, stack(0x0000002524500000,0x0000002524600000)]
  0x000001db3cbb0000 JavaThread "pool-1-thread-58" [_thread_blocked, id=4800, stack(0x0000002524600000,0x0000002524700000)]
  0x000001db3cbab000 JavaThread "pool-1-thread-59" [_thread_blocked, id=13680, stack(0x0000002524700000,0x0000002524800000)]
  0x000001db3cbac000 JavaThread "pool-1-thread-60" [_thread_blocked, id=7044, stack(0x0000002524800000,0x0000002524900000)]
  0x000001db3cbae800 JavaThread "pool-1-thread-61" [_thread_blocked, id=6664, stack(0x0000002524900000,0x0000002524a00000)]
  0x000001db3cbb1000 JavaThread "pool-1-thread-62" [_thread_blocked, id=12428, stack(0x0000002524a00000,0x0000002524b00000)]
  0x000001db3cbb2800 JavaThread "pool-1-thread-63" [_thread_blocked, id=10280, stack(0x0000002524b00000,0x0000002524c00000)]
  0x000001db3cbb1800 JavaThread "pool-1-thread-64" [_thread_blocked, id=16028, stack(0x0000002524c00000,0x0000002524d00000)]
  0x000001db3cbad000 JavaThread "pool-1-thread-65" [_thread_blocked, id=15120, stack(0x0000002524d00000,0x0000002524e00000)]
  0x000001db3cbb6800 JavaThread "pool-1-thread-66" [_thread_blocked, id=11256, stack(0x0000002524e00000,0x0000002524f00000)]
  0x000001db3cbb8000 JavaThread "pool-1-thread-67" [_thread_blocked, id=15636, stack(0x0000002524f00000,0x0000002525000000)]
  0x000001db3cbb9000 JavaThread "pool-1-thread-68" [_thread_blocked, id=6924, stack(0x0000002525000000,0x0000002525100000)]
  0x000001db3cbb7800 JavaThread "pool-1-thread-69" [_thread_blocked, id=1176, stack(0x0000002525100000,0x0000002525200000)]
  0x000001db3cbb3800 JavaThread "pool-1-thread-70" [_thread_blocked, id=12588, stack(0x0000002525200000,0x0000002525300000)]
  0x000001db3cbb5000 JavaThread "pool-1-thread-71" [_thread_blocked, id=11748, stack(0x0000002525300000,0x0000002525400000)]
  0x000001db3cbba000 JavaThread "pool-1-thread-72" [_thread_blocked, id=5440, stack(0x0000002525400000,0x0000002525500000)]
  0x000001db3cbb4000 JavaThread "pool-1-thread-73" [_thread_blocked, id=9248, stack(0x0000002525500000,0x0000002525600000)]
  0x000001db3cbb5800 JavaThread "pool-1-thread-74" [_thread_blocked, id=7648, stack(0x0000002525600000,0x0000002525700000)]
  0x000001db3c32c800 JavaThread "pool-1-thread-75" [_thread_blocked, id=2664, stack(0x0000002525700000,0x0000002525800000)]
  0x000001db3c32b000 JavaThread "pool-1-thread-76" [_thread_blocked, id=11364, stack(0x0000002525800000,0x0000002525900000)]
  0x000001db3c327000 JavaThread "pool-1-thread-77" [_thread_blocked, id=6296, stack(0x0000002525900000,0x0000002525a00000)]
  0x000001db3c32c000 JavaThread "pool-1-thread-78" [_thread_blocked, id=8720, stack(0x0000002525a00000,0x0000002525b00000)]
  0x000001db3c32d800 JavaThread "pool-1-thread-79" [_thread_blocked, id=9980, stack(0x0000002525b00000,0x0000002525c00000)]
  0x000001db3c328000 JavaThread "pool-1-thread-80" [_thread_blocked, id=15416, stack(0x0000002525c00000,0x0000002525d00000)]
  0x000001db3c32a800 JavaThread "pool-1-thread-81" [_thread_blocked, id=11708, stack(0x0000002525d00000,0x0000002525e00000)]
  0x000001db3c328800 JavaThread "pool-1-thread-82" [_thread_blocked, id=14740, stack(0x0000002525e00000,0x0000002525f00000)]
  0x000001db3c32e800 JavaThread "pool-1-thread-83" [_thread_blocked, id=12924, stack(0x0000002525f00000,0x0000002526000000)]
  0x000001db3c32f000 JavaThread "pool-1-thread-84" [_thread_blocked, id=13448, stack(0x0000002526000000,0x0000002526100000)]
  0x000001db3c329800 JavaThread "pool-1-thread-85" [_thread_blocked, id=9432, stack(0x0000002526100000,0x0000002526200000)]
  0x000001db3c332800 JavaThread "pool-1-thread-86" [_thread_blocked, id=16072, stack(0x0000002526200000,0x0000002526300000)]
  0x000001db3c333000 JavaThread "pool-1-thread-87" [_thread_blocked, id=11012, stack(0x0000002526300000,0x0000002526400000)]
  0x000001db3c335800 JavaThread "pool-1-thread-88" [_thread_blocked, id=6328, stack(0x0000002526400000,0x0000002526500000)]
  0x000001db3c335000 JavaThread "pool-1-thread-89" [_thread_blocked, id=5972, stack(0x0000002526500000,0x0000002526600000)]
  0x000001db3c334000 JavaThread "pool-1-thread-90" [_thread_blocked, id=6768, stack(0x0000002526600000,0x0000002526700000)]
  0x000001db3c330000 JavaThread "pool-1-thread-91" [_thread_blocked, id=6916, stack(0x0000002526700000,0x0000002526800000)]
  0x000001db3c331000 JavaThread "pool-1-thread-92" [_thread_blocked, id=14676, stack(0x0000002526800000,0x0000002526900000)]
  0x000001db3c331800 JavaThread "pool-1-thread-93" [_thread_blocked, id=15640, stack(0x0000002526900000,0x0000002526a00000)]
  0x000001db3abaa800 JavaThread "pool-1-thread-94" [_thread_blocked, id=15052, stack(0x0000002526a00000,0x0000002526b00000)]
  0x000001db3abac800 JavaThread "pool-1-thread-95" [_thread_blocked, id=2768, stack(0x0000002526b00000,0x0000002526c00000)]
  0x000001db3abab000 JavaThread "pool-1-thread-96" [_thread_blocked, id=12300, stack(0x0000002526c00000,0x0000002526d00000)]
  0x000001db3abad800 JavaThread "pool-1-thread-97" [_thread_blocked, id=4708, stack(0x0000002526d00000,0x0000002526e00000)]
  0x000001db3abac000 JavaThread "pool-1-thread-98" [_thread_blocked, id=10452, stack(0x0000002526e00000,0x0000002526f00000)]
  0x000001db3abae800 JavaThread "pool-1-thread-99" [_thread_blocked, id=14436, stack(0x0000002526f00000,0x0000002527000000)]
  0x000001db3abaf000 JavaThread "pool-1-thread-100" [_thread_blocked, id=6904, stack(0x0000002527000000,0x0000002527100000)]
  0x000001db3aba9800 JavaThread "pool-1-thread-101" [_thread_blocked, id=6400, stack(0x0000002527100000,0x0000002527200000)]
  0x000001db3abb2800 JavaThread "pool-1-thread-102" [_thread_blocked, id=10608, stack(0x0000002527200000,0x0000002527300000)]
  0x000001db3abb1000 JavaThread "pool-1-thread-103" [_thread_blocked, id=6964, stack(0x0000002527300000,0x0000002527400000)]
  0x000001db3abb0000 JavaThread "pool-1-thread-104" [_thread_blocked, id=6712, stack(0x0000002527400000,0x0000002527500000)]
  0x000001db3abb4000 JavaThread "pool-1-thread-105" [_thread_blocked, id=9532, stack(0x0000002527500000,0x0000002527600000)]
  0x000001db3abb5000 JavaThread "pool-1-thread-106" [_thread_blocked, id=9788, stack(0x0000002527600000,0x0000002527700000)]
  0x000001db3abb6800 JavaThread "pool-1-thread-107" [_thread_blocked, id=876, stack(0x0000002527700000,0x0000002527800000)]
  0x000001db3abb5800 JavaThread "pool-1-thread-108" [_thread_blocked, id=15364, stack(0x0000002527800000,0x0000002527900000)]
  0x000001db3abb7800 JavaThread "pool-1-thread-109" [_thread_blocked, id=15024, stack(0x0000002527900000,0x0000002527a00000)]
  0x000001db3abb1800 JavaThread "pool-1-thread-110" [_thread_blocked, id=7740, stack(0x0000002527a00000,0x0000002527b00000)]
  0x000001db3abb8000 JavaThread "pool-1-thread-111" [_thread_blocked, id=6956, stack(0x0000002527b00000,0x0000002527c00000)]
  0x000001db3abb3000 JavaThread "pool-1-thread-112" [_thread_blocked, id=6088, stack(0x0000002527c00000,0x0000002527d00000)]
  0x000001db3b6c2000 JavaThread "pool-1-thread-113" [_thread_blocked, id=3268, stack(0x0000002527d00000,0x0000002527e00000)]
  0x000001db3b6c3000 JavaThread "pool-1-thread-114" [_thread_blocked, id=13908, stack(0x0000002527e00000,0x0000002527f00000)]
  0x000001db3b6be800 JavaThread "pool-1-thread-115" [_thread_blocked, id=10012, stack(0x0000002527f00000,0x0000002528000000)]
  0x000001db3b6be000 JavaThread "pool-1-thread-116" [_thread_blocked, id=15428, stack(0x0000002528000000,0x0000002528100000)]
  0x000001db3b6c3800 JavaThread "pool-1-thread-117" [_thread_blocked, id=7280, stack(0x0000002528100000,0x0000002528200000)]
  0x000001db3b6c4800 JavaThread "pool-1-thread-118" [_thread_blocked, id=13308, stack(0x0000002528200000,0x0000002528300000)]
  0x000001db3b6c1000 JavaThread "pool-1-thread-119" [_thread_blocked, id=8824, stack(0x0000002528300000,0x0000002528400000)]
  0x000001db3b6c0800 JavaThread "pool-1-thread-120" [_thread_blocked, id=14464, stack(0x0000002528400000,0x0000002528500000)]
  0x000001db3b6bf800 JavaThread "pool-1-thread-121" [_thread_blocked, id=15928, stack(0x0000002528500000,0x0000002528600000)]
  0x000001db3b6c6000 JavaThread "pool-1-thread-122" [_thread_blocked, id=12012, stack(0x0000002528600000,0x0000002528700000)]
  0x000001db3b6c7000 JavaThread "pool-1-thread-123" [_thread_blocked, id=2520, stack(0x0000002528700000,0x0000002528800000)]
  0x000001db3b6ca000 JavaThread "pool-1-thread-124" [_thread_blocked, id=10152, stack(0x0000002528800000,0x0000002528900000)]
  0x000001db3b6c5000 JavaThread "pool-1-thread-125" [_thread_blocked, id=13304, stack(0x0000002528900000,0x0000002528a00000)]
  0x000001db3b6c9800 JavaThread "pool-1-thread-126" [_thread_blocked, id=3304, stack(0x0000002528a00000,0x0000002528b00000)]
  0x000001db3b6cb000 JavaThread "pool-1-thread-127" [_thread_blocked, id=12424, stack(0x0000002528b00000,0x0000002528c00000)]
  0x000001db3b6cc800 JavaThread "pool-1-thread-128" [_thread_blocked, id=16368, stack(0x0000002528c00000,0x0000002528d00000)]
  0x000001db3b6c7800 JavaThread "pool-1-thread-129" [_thread_blocked, id=13380, stack(0x0000002528d00000,0x0000002528e00000)]
  0x000001db3b6c8800 JavaThread "pool-1-thread-130" [_thread_blocked, id=1436, stack(0x0000002528e00000,0x0000002528f00000)]
  0x000001db3b6cc000 JavaThread "pool-1-thread-131" [_thread_blocked, id=13452, stack(0x0000002528f00000,0x0000002529000000)]
  0x000001db3cab8000 JavaThread "pool-1-thread-132" [_thread_blocked, id=8940, stack(0x0000002529000000,0x0000002529100000)]
  0x000001db3cabd000 JavaThread "pool-1-thread-133" [_thread_blocked, id=3200, stack(0x0000002529100000,0x0000002529200000)]
  0x000001db3caba800 JavaThread "pool-1-thread-134" [_thread_blocked, id=13688, stack(0x0000002529200000,0x0000002529300000)]
  0x000001db3cabb800 JavaThread "pool-1-thread-135" [_thread_blocked, id=10008, stack(0x0000002529300000,0x0000002529400000)]
  0x000001db3caba000 JavaThread "pool-1-thread-136" [_thread_blocked, id=5332, stack(0x0000002529400000,0x0000002529500000)]
  0x000001db3cabc800 JavaThread "pool-1-thread-137" [_thread_blocked, id=9468, stack(0x0000002529500000,0x0000002529600000)]
  0x000001db3cabe000 JavaThread "pool-1-thread-138" [_thread_blocked, id=8136, stack(0x0000002529600000,0x0000002529700000)]
  0x000001db3cab9000 JavaThread "pool-1-thread-139" [_thread_blocked, id=5728, stack(0x0000002529700000,0x0000002529800000)]
  0x000001db3cac2000 JavaThread "pool-1-thread-140" [_thread_blocked, id=9012, stack(0x0000002529800000,0x0000002529900000)]
  0x000001db3cac0800 JavaThread "pool-1-thread-141" [_thread_blocked, id=11916, stack(0x0000002529900000,0x0000002529a00000)]
  0x000001db3cabe800 JavaThread "pool-1-thread-142" [_thread_blocked, id=4880, stack(0x0000002529a00000,0x0000002529b00000)]
  0x000001db3cac3000 JavaThread "pool-1-thread-143" [_thread_blocked, id=7572, stack(0x0000002529b00000,0x0000002529c00000)]
  0x000001db3cac1000 JavaThread "pool-1-thread-144" [_thread_blocked, id=3960, stack(0x0000002529c00000,0x0000002529d00000)]
  0x000001db3cac3800 JavaThread "pool-1-thread-145" [_thread_blocked, id=14696, stack(0x0000002529d00000,0x0000002529e00000)]
  0x000001db3cac4800 JavaThread "pool-1-thread-146" [_thread_blocked, id=2408, stack(0x0000002529e00000,0x0000002529f00000)]
  0x000001db3cabf800 JavaThread "pool-1-thread-147" [_thread_blocked, id=15176, stack(0x0000002529f00000,0x000000252a000000)]
  0x000001db3cac5000 JavaThread "pool-1-thread-148" [_thread_blocked, id=9996, stack(0x000000252a000000,0x000000252a100000)]
  0x000001db3cac6000 JavaThread "pool-1-thread-149" [_thread_blocked, id=15748, stack(0x000000252a100000,0x000000252a200000)]
  0x000001db3cac7000 JavaThread "pool-1-thread-150" [_thread_blocked, id=14100, stack(0x000000252a200000,0x000000252a300000)]
  0x000001db3cada800 JavaThread "pool-1-thread-151" [_thread_blocked, id=13136, stack(0x000000252a300000,0x000000252a400000)]
  0x000001db3cada000 JavaThread "pool-1-thread-152" [_thread_blocked, id=12964, stack(0x000000252a400000,0x000000252a500000)]
  0x000001db3cadc800 JavaThread "pool-1-thread-153" [_thread_blocked, id=12996, stack(0x000000252a500000,0x000000252a600000)]
  0x000001db3cadb800 JavaThread "pool-1-thread-154" [_thread_blocked, id=14648, stack(0x000000252a600000,0x000000252a700000)]
  0x000001db3cad9000 JavaThread "pool-1-thread-155" [_thread_blocked, id=15132, stack(0x000000252a700000,0x000000252a800000)]
  0x000001db3cadd000 JavaThread "pool-1-thread-156" [_thread_blocked, id=552, stack(0x000000252a800000,0x000000252a900000)]
  0x000001db3cade000 JavaThread "pool-1-thread-157" [_thread_blocked, id=12160, stack(0x000000252a900000,0x000000252aa00000)]
  0x000001db3cad8000 JavaThread "pool-1-thread-158" [_thread_blocked, id=15340, stack(0x000000252aa00000,0x000000252ab00000)]
  0x000001db3cade800 JavaThread "pool-1-thread-159" [_thread_blocked, id=1000, stack(0x000000252ab00000,0x000000252ac00000)]
  0x000001db3cae3000 JavaThread "pool-1-thread-160" [_thread_blocked, id=14636, stack(0x000000252ac00000,0x000000252ad00000)]
  0x000001db3cae1000 JavaThread "pool-1-thread-161" [_thread_blocked, id=16032, stack(0x000000252ad00000,0x000000252ae00000)]
  0x000001db3cae5000 JavaThread "pool-1-thread-162" [_thread_blocked, id=12880, stack(0x000000252ae00000,0x000000252af00000)]

Other Threads:
=>0x000001db39c42800 VMThread "VM Thread" [stack: 0x000000251ff00000,0x0000002520000000] [id=13732]
  0x000001db3a6fd000 WatcherThread [stack: 0x0000002520800000,0x0000002520900000] [id=12552]
  0x000001db1c676000 GCTaskThread "GC Thread#0" [stack: 0x000000251fa00000,0x000000251fb00000] [id=16372]
  0x000001db3a9f1000 GCTaskThread "GC Thread#1" [stack: 0x0000002520a00000,0x0000002520b00000] [id=3400]
  0x000001db1c6a4800 ConcurrentGCThread "G1 Main Marker" [stack: 0x000000251fb00000,0x000000251fc00000] [id=2272]
  0x000001db1c6a6000 ConcurrentGCThread "G1 Conc#0" [stack: 0x000000251fc00000,0x000000251fd00000] [id=9812]
  0x000001db1c717800 ConcurrentGCThread "G1 Refine#0" [stack: 0x000000251fd00000,0x000000251fe00000] [id=14224]
  0x000001db1c718800 ConcurrentGCThread "G1 Young RemSet Sampling" [stack: 0x000000251fe00000,0x000000251ff00000] [id=15572]

Threads with active compile tasks:
C2 CompilerThread04336   !   4       java.util.zip.InflaterInputStream::read (138 bytes)

VM state:at safepoint (normal execution)

VM Mutex/Monitor currently owned by a thread:  ([mutex/lock_event])
[0x000001db1c6652d0] Threads_lock - owner thread: 0x000001db39c42800
[0x000001db1c664160] Heap_lock - owner thread: 0x000001db3ae0b800

Heap address: 0x0000000090000000, size: 1792 MB, Compressed Oops mode: 32-bit
Narrow klass base: 0x0000000000000000, Narrow klass shift: 3
Compressed class space size: 1073741824 Address: 0x0000000100000000

Heap:
 garbage-first heap   total 114688K, used 18013K [0x0000000090000000, 0x0000000100000000)
  region size 1024K, 4 young (4096K), 4 survivors (4096K)
 Metaspace       used 26890K, capacity 27574K, committed 27648K, reserved 1081344K
  class space    used 2750K, capacity 3043K, committed 3072K, reserved 1048576K
Heap Regions: E=young(eden), S=young(survivor), O=old, HS=humongous(starts), HC=humongous(continues), CS=collection set, F=free, A=archive, TAMS=top-at-mark-start (previous, next)
|   0|0x0000000090000000, 0x0000000090100000, 0x0000000090100000|100%| O|  |TAMS 0x0000000090100000, 0x0000000090100000| Untracked 
|   1|0x0000000090100000, 0x0000000090200000, 0x0000000090200000|100%|HS|  |TAMS 0x0000000090200000, 0x0000000090200000| Complete 
|   2|0x0000000090200000, 0x0000000090300000, 0x0000000090300000|100%|HC|  |TAMS 0x0000000090300000, 0x0000000090300000| Complete 
|   3|0x0000000090300000, 0x0000000090400000, 0x0000000090400000|100%| O|  |TAMS 0x0000000090400000, 0x0000000090400000| Untracked 
|   4|0x0000000090400000, 0x0000000090500000, 0x0000000090500000|100%|HS|  |TAMS 0x0000000090500000, 0x0000000090500000| Complete 
|   5|0x0000000090500000, 0x0000000090600000, 0x0000000090600000|100%|HC|  |TAMS 0x0000000090600000, 0x0000000090600000| Complete 
|   6|0x0000000090600000, 0x0000000090700000, 0x0000000090700000|100%| O|  |TAMS 0x0000000090700000, 0x0000000090700000| Untracked 
|   7|0x0000000090700000, 0x0000000090800000, 0x0000000090800000|100%| O|  |TAMS 0x0000000090800000, 0x0000000090800000| Untracked 
|   8|0x0000000090800000, 0x0000000090900000, 0x0000000090900000|100%| O|  |TAMS 0x0000000090843600, 0x0000000090900000| Untracked 
|   9|0x0000000090900000, 0x0000000090a00000, 0x0000000090a00000|100%| O|  |TAMS 0x0000000090900000, 0x0000000090a00000| Untracked 
|  10|0x0000000090a00000, 0x0000000090b00000, 0x0000000090b00000|100%| O|  |TAMS 0x0000000090a00000, 0x0000000090b00000| Untracked 
|  11|0x0000000090b00000, 0x0000000090c00000, 0x0000000090c00000|100%| O|  |TAMS 0x0000000090b00000, 0x0000000090c00000| Untracked 
|  12|0x0000000090c00000, 0x0000000090d00000, 0x0000000090d00000|100%| O|  |TAMS 0x0000000090c00000, 0x0000000090d00000| Untracked 
|  13|0x0000000090d00000, 0x0000000090d97600, 0x0000000090e00000| 59%| O|  |TAMS 0x0000000090d00000, 0x0000000090d97600| Untracked 
|  14|0x0000000090e00000, 0x0000000090e00000, 0x0000000090f00000|  0%| F|  |TAMS 0x0000000090e00000, 0x0000000090e00000| Untracked 
|  15|0x0000000090f00000, 0x0000000090f00000, 0x0000000091000000|  0%| F|  |TAMS 0x0000000090f00000, 0x0000000090f00000| Untracked 
|  16|0x0000000091000000, 0x0000000091000000, 0x0000000091100000|  0%| F|  |TAMS 0x0000000091000000, 0x0000000091000000| Untracked 
|  17|0x0000000091100000, 0x0000000091100000, 0x0000000091200000|  0%| F|  |TAMS 0x0000000091100000, 0x0000000091100000| Untracked 
|  18|0x0000000091200000, 0x0000000091200000, 0x0000000091300000|  0%| F|  |TAMS 0x0000000091200000, 0x0000000091200000| Untracked 
|  19|0x0000000091300000, 0x0000000091300000, 0x0000000091400000|  0%| F|  |TAMS 0x0000000091300000, 0x0000000091300000| Untracked 
|  20|0x0000000091400000, 0x0000000091400000, 0x0000000091500000|  0%| F|  |TAMS 0x0000000091400000, 0x0000000091400000| Untracked 
|  21|0x0000000091500000, 0x0000000091500000, 0x0000000091600000|  0%| F|  |TAMS 0x0000000091500000, 0x0000000091500000| Untracked 
|  22|0x0000000091600000, 0x0000000091600000, 0x0000000091700000|  0%| F|  |TAMS 0x0000000091600000, 0x0000000091600000| Untracked 
|  23|0x0000000091700000, 0x0000000091700000, 0x0000000091800000|  0%| F|  |TAMS 0x0000000091700000, 0x0000000091700000| Untracked 
|  24|0x0000000091800000, 0x0000000091800000, 0x0000000091900000|  0%| F|  |TAMS 0x0000000091800000, 0x0000000091800000| Untracked 
|  25|0x0000000091900000, 0x0000000091900000, 0x0000000091a00000|  0%| F|  |TAMS 0x0000000091900000, 0x0000000091900000| Untracked 
|  26|0x0000000091a00000, 0x0000000091a00000, 0x0000000091b00000|  0%| F|  |TAMS 0x0000000091a00000, 0x0000000091a00000| Untracked 
|  27|0x0000000091b00000, 0x0000000091b00000, 0x0000000091c00000|  0%| F|  |TAMS 0x0000000091b00000, 0x0000000091b00000| Untracked 
|  28|0x0000000091c00000, 0x0000000091c00000, 0x0000000091d00000|  0%| F|  |TAMS 0x0000000091c00000, 0x0000000091c00000| Untracked 
|  29|0x0000000091d00000, 0x0000000091d00000, 0x0000000091e00000|  0%| F|  |TAMS 0x0000000091d00000, 0x0000000091d00000| Untracked 
|  30|0x0000000091e00000, 0x0000000091e00000, 0x0000000091f00000|  0%| F|  |TAMS 0x0000000091e00000, 0x0000000091e00000| Untracked 
|  31|0x0000000091f00000, 0x0000000091f00000, 0x0000000092000000|  0%| F|  |TAMS 0x0000000091f00000, 0x0000000091f00000| Untracked 
|  32|0x0000000092000000, 0x0000000092000000, 0x0000000092100000|  0%| F|  |TAMS 0x0000000092000000, 0x0000000092000000| Untracked 
|  33|0x0000000092100000, 0x0000000092100000, 0x0000000092200000|  0%| F|  |TAMS 0x0000000092100000, 0x0000000092100000| Untracked 
|  34|0x0000000092200000, 0x0000000092200000, 0x0000000092300000|  0%| F|  |TAMS 0x0000000092200000, 0x0000000092200000| Untracked 
|  35|0x0000000092300000, 0x0000000092300000, 0x0000000092400000|  0%| F|  |TAMS 0x0000000092300000, 0x0000000092300000| Untracked 
|  36|0x0000000092400000, 0x0000000092400000, 0x0000000092500000|  0%| F|  |TAMS 0x0000000092400000, 0x0000000092400000| Untracked 
|  37|0x0000000092500000, 0x0000000092500000, 0x0000000092600000|  0%| F|  |TAMS 0x0000000092500000, 0x0000000092500000| Untracked 
|  38|0x0000000092600000, 0x0000000092600000, 0x0000000092700000|  0%| F|  |TAMS 0x0000000092600000, 0x0000000092600000| Untracked 
|  39|0x0000000092700000, 0x0000000092700000, 0x0000000092800000|  0%| F|  |TAMS 0x0000000092700000, 0x0000000092700000| Untracked 
|  40|0x0000000092800000, 0x0000000092800000, 0x0000000092900000|  0%| F|  |TAMS 0x0000000092800000, 0x0000000092800000| Untracked 
|  41|0x0000000092900000, 0x0000000092900000, 0x0000000092a00000|  0%| F|  |TAMS 0x0000000092900000, 0x0000000092900000| Untracked 
|  42|0x0000000092a00000, 0x0000000092a00000, 0x0000000092b00000|  0%| F|  |TAMS 0x0000000092a00000, 0x0000000092a00000| Untracked 
|  43|0x0000000092b00000, 0x0000000092b00000, 0x0000000092c00000|  0%| F|  |TAMS 0x0000000092b00000, 0x0000000092b00000| Untracked 
|  44|0x0000000092c00000, 0x0000000092c00000, 0x0000000092d00000|  0%| F|  |TAMS 0x0000000092c00000, 0x0000000092c00000| Untracked 
|  45|0x0000000092d00000, 0x0000000092d00000, 0x0000000092e00000|  0%| F|  |TAMS 0x0000000092d00000, 0x0000000092d00000| Untracked 
|  46|0x0000000092e00000, 0x0000000092e00000, 0x0000000092f00000|  0%| F|  |TAMS 0x0000000092e00000, 0x0000000092e00000| Untracked 
|  47|0x0000000092f00000, 0x0000000092f00000, 0x0000000093000000|  0%| F|  |TAMS 0x0000000092f00000, 0x0000000092f00000| Untracked 
|  48|0x0000000093000000, 0x0000000093000000, 0x0000000093100000|  0%| F|  |TAMS 0x0000000093000000, 0x0000000093000000| Untracked 
|  49|0x0000000093100000, 0x0000000093100000, 0x0000000093200000|  0%| F|  |TAMS 0x0000000093100000, 0x0000000093100000| Untracked 
|  50|0x0000000093200000, 0x0000000093200000, 0x0000000093300000|  0%| F|  |TAMS 0x0000000093200000, 0x0000000093200000| Untracked 
|  51|0x0000000093300000, 0x0000000093300000, 0x0000000093400000|  0%| F|  |TAMS 0x0000000093300000, 0x0000000093300000| Untracked 
|  52|0x0000000093400000, 0x0000000093400000, 0x0000000093500000|  0%| F|  |TAMS 0x0000000093400000, 0x0000000093400000| Untracked 
|  53|0x0000000093500000, 0x0000000093500000, 0x0000000093600000|  0%| F|  |TAMS 0x0000000093500000, 0x0000000093500000| Untracked 
|  54|0x0000000093600000, 0x0000000093600000, 0x0000000093700000|  0%| F|  |TAMS 0x0000000093600000, 0x0000000093600000| Untracked 
|  55|0x0000000093700000, 0x0000000093700000, 0x0000000093800000|  0%| F|  |TAMS 0x0000000093700000, 0x0000000093700000| Untracked 
|  56|0x0000000093800000, 0x0000000093800000, 0x0000000093900000|  0%| F|  |TAMS 0x0000000093800000, 0x0000000093800000| Untracked 
|  57|0x0000000093900000, 0x0000000093900000, 0x0000000093a00000|  0%| F|  |TAMS 0x0000000093900000, 0x0000000093900000| Untracked 
|  58|0x0000000093a00000, 0x0000000093a00000, 0x0000000093b00000|  0%| F|  |TAMS 0x0000000093a00000, 0x0000000093a00000| Untracked 
|  59|0x0000000093b00000, 0x0000000093b00000, 0x0000000093c00000|  0%| F|  |TAMS 0x0000000093b00000, 0x0000000093b00000| Untracked 
|  60|0x0000000093c00000, 0x0000000093c00000, 0x0000000093d00000|  0%| F|  |TAMS 0x0000000093c00000, 0x0000000093c00000| Untracked 
|  61|0x0000000093d00000, 0x0000000093d00000, 0x0000000093e00000|  0%| F|  |TAMS 0x0000000093d00000, 0x0000000093d00000| Untracked 
|  62|0x0000000093e00000, 0x0000000093e00000, 0x0000000093f00000|  0%| F|  |TAMS 0x0000000093e00000, 0x0000000093e00000| Untracked 
|  63|0x0000000093f00000, 0x0000000093f00000, 0x0000000094000000|  0%| F|  |TAMS 0x0000000093f00000, 0x0000000093f00000| Untracked 
|  64|0x0000000094000000, 0x0000000094000000, 0x0000000094100000|  0%| F|  |TAMS 0x0000000094000000, 0x0000000094000000| Untracked 
|  65|0x0000000094100000, 0x0000000094100000, 0x0000000094200000|  0%| F|  |TAMS 0x0000000094100000, 0x0000000094100000| Untracked 
|  66|0x0000000094200000, 0x0000000094200000, 0x0000000094300000|  0%| F|  |TAMS 0x0000000094200000, 0x0000000094200000| Untracked 
|  67|0x0000000094300000, 0x0000000094300000, 0x0000000094400000|  0%| F|  |TAMS 0x0000000094300000, 0x0000000094300000| Untracked 
|  68|0x0000000094400000, 0x0000000094400000, 0x0000000094500000|  0%| F|  |TAMS 0x0000000094400000, 0x0000000094400000| Untracked 
|  69|0x0000000094500000, 0x0000000094500000, 0x0000000094600000|  0%| F|  |TAMS 0x0000000094500000, 0x0000000094500000| Untracked 
|  70|0x0000000094600000, 0x0000000094600000, 0x0000000094700000|  0%| F|  |TAMS 0x0000000094600000, 0x0000000094600000| Untracked 
|  71|0x0000000094700000, 0x0000000094700000, 0x0000000094800000|  0%| F|  |TAMS 0x0000000094700000, 0x0000000094700000| Untracked 
|  72|0x0000000094800000, 0x0000000094800000, 0x0000000094900000|  0%| F|  |TAMS 0x0000000094800000, 0x0000000094800000| Untracked 
|  73|0x0000000094900000, 0x0000000094900000, 0x0000000094a00000|  0%| F|  |TAMS 0x0000000094900000, 0x0000000094900000| Untracked 
|  74|0x0000000094a00000, 0x0000000094a00000, 0x0000000094b00000|  0%| F|  |TAMS 0x0000000094a00000, 0x0000000094a00000| Untracked 
|  75|0x0000000094b00000, 0x0000000094b00000, 0x0000000094c00000|  0%| F|  |TAMS 0x0000000094b00000, 0x0000000094b00000| Untracked 
|  76|0x0000000094c00000, 0x0000000094c00000, 0x0000000094d00000|  0%| F|  |TAMS 0x0000000094c00000, 0x0000000094c00000| Untracked 
|  77|0x0000000094d00000, 0x0000000094d00000, 0x0000000094e00000|  0%| F|  |TAMS 0x0000000094d00000, 0x0000000094d00000| Untracked 
|  78|0x0000000094e00000, 0x0000000094e00000, 0x0000000094f00000|  0%| F|  |TAMS 0x0000000094e00000, 0x0000000094e00000| Untracked 
|  79|0x0000000094f00000, 0x0000000094f00000, 0x0000000095000000|  0%| F|  |TAMS 0x0000000094f00000, 0x0000000094f00000| Untracked 
|  80|0x0000000095000000, 0x0000000095000000, 0x0000000095100000|  0%| F|  |TAMS 0x0000000095000000, 0x0000000095000000| Untracked 
|  81|0x0000000095100000, 0x0000000095100000, 0x0000000095200000|  0%| F|  |TAMS 0x0000000095100000, 0x0000000095100000| Untracked 
|  82|0x0000000095200000, 0x0000000095200000, 0x0000000095300000|  0%| F|  |TAMS 0x0000000095200000, 0x0000000095200000| Untracked 
|  83|0x0000000095300000, 0x0000000095300000, 0x0000000095400000|  0%| F|  |TAMS 0x0000000095300000, 0x0000000095300000| Untracked 
|  84|0x0000000095400000, 0x0000000095400000, 0x0000000095500000|  0%| F|  |TAMS 0x0000000095400000, 0x0000000095400000| Untracked 
|  85|0x0000000095500000, 0x0000000095500000, 0x0000000095600000|  0%| F|  |TAMS 0x0000000095500000, 0x0000000095500000| Untracked 
|  86|0x0000000095600000, 0x0000000095600000, 0x0000000095700000|  0%| F|  |TAMS 0x0000000095600000, 0x0000000095600000| Untracked 
|  87|0x0000000095700000, 0x0000000095800000, 0x0000000095800000|100%| S|CS|TAMS 0x0000000095700000, 0x0000000095700000| Complete 
|  88|0x0000000095800000, 0x0000000095900000, 0x0000000095900000|100%| S|CS|TAMS 0x0000000095800000, 0x0000000095800000| Complete 
|  89|0x0000000095900000, 0x0000000095a00000, 0x0000000095a00000|100%| S|CS|TAMS 0x0000000095900000, 0x0000000095900000| Complete 
|  90|0x0000000095a00000, 0x0000000095b00000, 0x0000000095b00000|100%| S|CS|TAMS 0x0000000095a00000, 0x0000000095a00000| Complete 
|  91|0x0000000095b00000, 0x0000000095b00000, 0x0000000095c00000|  0%| F|  |TAMS 0x0000000095b00000, 0x0000000095b00000| Untracked 
|  92|0x0000000095c00000, 0x0000000095c00000, 0x0000000095d00000|  0%| F|  |TAMS 0x0000000095c00000, 0x0000000095c00000| Untracked 
|  93|0x0000000095d00000, 0x0000000095d00000, 0x0000000095e00000|  0%| F|  |TAMS 0x0000000095d00000, 0x0000000095d00000| Untracked 
|  94|0x0000000095e00000, 0x0000000095e00000, 0x0000000095f00000|  0%| F|  |TAMS 0x0000000095e00000, 0x0000000095e00000| Untracked 
|  95|0x0000000095f00000, 0x0000000095f00000, 0x0000000096000000|  0%| F|  |TAMS 0x0000000095f00000, 0x0000000095f00000| Untracked 
|  96|0x0000000096000000, 0x0000000096000000, 0x0000000096100000|  0%| F|  |TAMS 0x0000000096000000, 0x0000000096000000| Untracked 
|  97|0x0000000096100000, 0x0000000096100000, 0x0000000096200000|  0%| F|  |TAMS 0x0000000096100000, 0x0000000096100000| Untracked 
|  98|0x0000000096200000, 0x0000000096200000, 0x0000000096300000|  0%| F|  |TAMS 0x0000000096200000, 0x0000000096200000| Untracked 
|  99|0x0000000096300000, 0x0000000096300000, 0x0000000096400000|  0%| F|  |TAMS 0x0000000096300000, 0x0000000096300000| Untracked 
| 100|0x0000000096400000, 0x0000000096400000, 0x0000000096500000|  0%| F|  |TAMS 0x0000000096400000, 0x0000000096400000| Untracked 
| 101|0x0000000096500000, 0x0000000096500000, 0x0000000096600000|  0%| F|  |TAMS 0x0000000096500000, 0x0000000096500000| Untracked 
| 102|0x0000000096600000, 0x0000000096600000, 0x0000000096700000|  0%| F|  |TAMS 0x0000000096600000, 0x0000000096600000| Untracked 
| 103|0x0000000096700000, 0x0000000096700000, 0x0000000096800000|  0%| F|  |TAMS 0x0000000096700000, 0x0000000096700000| Untracked 
| 104|0x0000000096800000, 0x0000000096800000, 0x0000000096900000|  0%| F|  |TAMS 0x0000000096800000, 0x0000000096800000| Untracked 
| 105|0x0000000096900000, 0x0000000096900000, 0x0000000096a00000|  0%| F|  |TAMS 0x0000000096900000, 0x0000000096900000| Untracked 
| 106|0x0000000096a00000, 0x0000000096a00000, 0x0000000096b00000|  0%| F|  |TAMS 0x0000000096a00000, 0x0000000096a00000| Untracked 
| 107|0x0000000096b00000, 0x0000000096b00000, 0x0000000096c00000|  0%| F|  |TAMS 0x0000000096b00000, 0x0000000096b00000| Untracked 
| 108|0x0000000096c00000, 0x0000000096c00000, 0x0000000096d00000|  0%| F|  |TAMS 0x0000000096c00000, 0x0000000096c00000| Untracked 
| 109|0x0000000096d00000, 0x0000000096d00000, 0x0000000096e00000|  0%| F|  |TAMS 0x0000000096d00000, 0x0000000096d00000| Untracked 
| 110|0x0000000096e00000, 0x0000000096e00000, 0x0000000096f00000|  0%| F|  |TAMS 0x0000000096e00000, 0x0000000096e00000| Untracked 
| 111|0x0000000096f00000, 0x0000000096f00000, 0x0000000097000000|  0%| F|  |TAMS 0x0000000096f00000, 0x0000000096f00000| Untracked 

Card table byte_map: [0x000001db33990000,0x000001db33d10000] _byte_map_base: 0x000001db33510000

Marking Bits (Prev, Next): (CMBitMap*) 0x000001db1c69cef0, (CMBitMap*) 0x000001db1c69ceb8
 Prev Bits: [0x000001db35c90000, 0x000001db37890000)
 Next Bits: [0x000001db34090000, 0x000001db35c90000)

Polling page: 0x000001db1a480000

Metaspace:

Usage:
  Non-class:     23.96 MB capacity,    23.57 MB ( 98%) used,   344.11 KB (  1%) free+waste,    47.44 KB ( <1%) overhead. 
      Class:      2.97 MB capacity,     2.69 MB ( 90%) used,   271.38 KB (  9%) free+waste,    20.81 KB ( <1%) overhead. 
       Both:     26.93 MB capacity,    26.26 MB ( 98%) used,   615.48 KB (  2%) free+waste,    68.25 KB ( <1%) overhead. 

Virtual space:
  Non-class space:       32.00 MB reserved,      24.00 MB ( 75%) committed 
      Class space:        1.00 GB reserved,       3.00 MB ( <1%) committed 
             Both:        1.03 GB reserved,      27.00 MB (  3%) committed 

Chunk freelists:
   Non-Class:  5.63 KB
       Class:  0 bytes
        Both:  5.63 KB

CodeHeap 'non-profiled nmethods': size=120064Kb used=2325Kb max_used=2325Kb free=117739Kb
 bounds [0x000001db2c450000, 0x000001db2c6c0000, 0x000001db33990000]
CodeHeap 'profiled nmethods': size=120000Kb used=9827Kb max_used=9827Kb free=110172Kb
 bounds [0x000001db24f20000, 0x000001db258c0000, 0x000001db2c450000]
CodeHeap 'non-nmethods': size=5696Kb used=1132Kb max_used=1179Kb free=4563Kb
 bounds [0x000001db24990000, 0x000001db24c00000, 0x000001db24f20000]
 total_blobs=5798 nmethods=4143 adapters=363
 compilation: enabled
              stopped_count=0, restarted_count=0
 full_count=0

Compilation events (10 events):
Event: 30.046 Thread 0x000001db3a600000 nmethod 4331 0x000001db258b3f10 code [0x000001db258b4440, 0x000001db258b6a10]
Event: 30.070 Thread 0x000001db3a600000 4332       3       java.util.regex.Pattern$BnM::match (161 bytes)
Event: 30.071 Thread 0x000001db3a600000 nmethod 4332 0x000001db258b7510 code [0x000001db258b7740, 0x000001db258b7ee0]
Event: 30.073 Thread 0x000001db39c63000 4333       4       org.codehaus.plexus.interpolation.PrefixAwareRecursionInterceptor::hasRecursiveExpression (34 bytes)
Event: 30.102 Thread 0x000001db39c63000 nmethod 4333 0x000001db2c694010 code [0x000001db2c6941e0, 0x000001db2c694d58]
Event: 30.106 Thread 0x000001db3a600000 4334   !   3       org.codehaus.plexus.util.xml.pull.MXParser::parsePI (723 bytes)
Event: 30.110 Thread 0x000001db3a600000 nmethod 4334 0x000001db258b8290 code [0x000001db258b8720, 0x000001db258baad0]
Event: 30.151 Thread 0x000001db3a600000 4335  s    3       java.lang.StringBuffer::toString (59 bytes)
Event: 30.152 Thread 0x000001db3a600000 nmethod 4335 0x000001db258bbc10 code [0x000001db258bbe40, 0x000001db258bc760]
Event: 30.162 Thread 0x000001db39c63000 4336   !   4       java.util.zip.InflaterInputStream::read (138 bytes)

GC Heap History (10 events):
Event: 14.723 GC heap before
{Heap before GC invocations=4 (full 0):
 garbage-first heap   total 114688K, used 33440K [0x0000000090000000, 0x0000000100000000)
  region size 1024K, 27 young (27648K), 3 survivors (3072K)
 Metaspace       used 18366K, capacity 19018K, committed 19328K, reserved 1067008K
  class space    used 1888K, capacity 2105K, committed 2176K, reserved 1048576K
}
Event: 14.736 GC heap after
{Heap after GC invocations=5 (full 0):
 garbage-first heap   total 114688K, used 10509K [0x0000000090000000, 0x0000000100000000)
  region size 1024K, 2 young (2048K), 2 survivors (2048K)
 Metaspace       used 18366K, capacity 19018K, committed 19328K, reserved 1067008K
  class space    used 1888K, capacity 2105K, committed 2176K, reserved 1048576K
}
Event: 15.372 GC heap before
{Heap before GC invocations=5 (full 0):
 garbage-first heap   total 114688K, used 24845K [0x0000000090000000, 0x0000000100000000)
  region size 1024K, 17 young (17408K), 2 survivors (2048K)
 Metaspace       used 20503K, capacity 21193K, committed 21296K, reserved 1069056K
  class space    used 2147K, capacity 2404K, committed 2432K, reserved 1048576K
}
Event: 15.381 GC heap after
{Heap after GC invocations=6 (full 0):
 garbage-first heap   total 114688K, used 11233K [0x0000000090000000, 0x0000000100000000)
  region size 1024K, 3 young (3072K), 3 survivors (3072K)
 Metaspace       used 20503K, capacity 21193K, committed 21296K, reserved 1069056K
  class space    used 2147K, capacity 2404K, committed 2432K, reserved 1048576K
}
Event: 20.156 GC heap before
{Heap before GC invocations=7 (full 0):
 garbage-first heap   total 114688K, used 57313K [0x0000000090000000, 0x0000000100000000)
  region size 1024K, 48 young (49152K), 3 survivors (3072K)
 Metaspace       used 26051K, capacity 26774K, committed 26880K, reserved 1073152K
  class space    used 2743K, capacity 3034K, committed 3072K, reserved 1048576K
}
Event: 20.174 GC heap after
{Heap after GC invocations=8 (full 0):
 garbage-first heap   total 114688K, used 14292K [0x0000000090000000, 0x0000000100000000)
  region size 1024K, 6 young (6144K), 6 survivors (6144K)
 Metaspace       used 26051K, capacity 26774K, committed 26880K, reserved 1073152K
  class space    used 2743K, capacity 3034K, committed 3072K, reserved 1048576K
}
Event: 25.429 GC heap before
{Heap before GC invocations=8 (full 0):
 garbage-first heap   total 114688K, used 66516K [0x0000000090000000, 0x0000000100000000)
  region size 1024K, 57 young (58368K), 6 survivors (6144K)
 Metaspace       used 26614K, capacity 27301K, committed 27392K, reserved 1073152K
  class space    used 2747K, capacity 3038K, committed 3072K, reserved 1048576K
}
Event: 25.452 GC heap after
{Heap after GC invocations=9 (full 0):
 garbage-first heap   total 114688K, used 16785K [0x0000000090000000, 0x0000000100000000)
  region size 1024K, 7 young (7168K), 7 survivors (7168K)
 Metaspace       used 26614K, capacity 27301K, committed 27392K, reserved 1073152K
  class space    used 2747K, capacity 3038K, committed 3072K, reserved 1048576K
}
Event: 30.174 GC heap before
{Heap before GC invocations=9 (full 0):
 garbage-first heap   total 114688K, used 37265K [0x0000000090000000, 0x0000000100000000)
  region size 1024K, 28 young (28672K), 7 survivors (7168K)
 Metaspace       used 26890K, capacity 27574K, committed 27648K, reserved 1079296K
  class space    used 2750K, capacity 3043K, committed 3072K, reserved 1048576K
}
Event: 30.213 GC heap after
{Heap after GC invocations=10 (full 0):
 garbage-first heap   total 114688K, used 18013K [0x0000000090000000, 0x0000000100000000)
  region size 1024K, 4 young (4096K), 4 survivors (4096K)
 Metaspace       used 26890K, capacity 27574K, committed 27648K, reserved 1079296K
  class space    used 2750K, capacity 3043K, committed 3072K, reserved 1048576K
}

Deoptimization events (10 events):
Event: 22.482 Thread 0x000001db3ae0b800 Uncommon trap: reason=profile_predicate action=maybe_recompile pc=0x000001db2c61cd60 method=sun.nio.cs.ISO_8859_1$Decoder.decodeArrayLoop(Ljava/nio/ByteBuffer;Ljava/nio/CharBuffer;)Ljava/nio/charset/CoderResult; @ 133 c2
Event: 22.482 Thread 0x000001db3ae0b800 Uncommon trap: reason=profile_predicate action=maybe_recompile pc=0x000001db2c61cd60 method=sun.nio.cs.ISO_8859_1$Decoder.decodeArrayLoop(Ljava/nio/ByteBuffer;Ljava/nio/CharBuffer;)Ljava/nio/charset/CoderResult; @ 133 c2
Event: 22.483 Thread 0x000001db3ae0b800 Uncommon trap: reason=profile_predicate action=maybe_recompile pc=0x000001db2c61cd60 method=sun.nio.cs.ISO_8859_1$Decoder.decodeArrayLoop(Ljava/nio/ByteBuffer;Ljava/nio/CharBuffer;)Ljava/nio/charset/CoderResult; @ 133 c2
Event: 23.524 Thread 0x000001db3ae0b800 Uncommon trap: reason=unstable_if action=reinterpret pc=0x000001db2c5645a0 method=java.util.LinkedHashMap.afterNodeInsertion(Z)V @ 18 c2
Event: 23.604 Thread 0x000001db3ae0b800 Uncommon trap: reason=profile_predicate action=maybe_recompile pc=0x000001db2c63e880 method=java.util.concurrent.ConcurrentHashMap.putAll(Ljava/util/Map;)V @ 28 c2
Event: 23.605 Thread 0x000001db3ae0b800 Uncommon trap: reason=profile_predicate action=maybe_recompile pc=0x000001db2c63e880 method=java.util.concurrent.ConcurrentHashMap.putAll(Ljava/util/Map;)V @ 28 c2
Event: 23.709 Thread 0x000001db3ae0b800 Uncommon trap: reason=profile_predicate action=maybe_recompile pc=0x000001db2c63e880 method=java.util.concurrent.ConcurrentHashMap.putAll(Ljava/util/Map;)V @ 28 c2
Event: 23.722 Thread 0x000001db3ae0b800 Uncommon trap: reason=profile_predicate action=maybe_recompile pc=0x000001db2c63e880 method=java.util.concurrent.ConcurrentHashMap.putAll(Ljava/util/Map;)V @ 28 c2
Event: 23.745 Thread 0x000001db3ae0b800 Uncommon trap: reason=profile_predicate action=maybe_recompile pc=0x000001db2c6207cc method=java.util.concurrent.ConcurrentHashMap.putAll(Ljava/util/Map;)V @ 22 c2
Event: 23.893 Thread 0x000001db3ae0b800 Uncommon trap: reason=unstable_if action=reinterpret pc=0x000001db2c632408 method=org.codehaus.plexus.interpolation.StringSearchInterpolator.interpolate(Ljava/lang/String;Lorg/codehaus/plexus/interpolation/RecursionInterceptor;Ljava/util/Set;)Ljava/lang/S

Classes redefined (0 events):
No events

Internal exceptions (10 events):
Event: 12.354 Thread 0x000001db3ae0b800 Exception <a 'java/lang/NoSuchMethodError'{0x00000000962d9850}: java.lang.invoke.DelegatingMethodHandle$Holder.reinvoke_L(Ljava/lang/Object;IILjava/lang/Object;Ljava/lang/Object;Ljava/lang/Object;)Ljava/lang/Object;> (0x00000000962d9850) thrown at [t:/wor
Event: 12.356 Thread 0x000001db3ae0b800 Exception <a 'java/lang/NoSuchMethodError'{0x00000000962dde80}: java.lang.invoke.DirectMethodHandle$Holder.invokeStatic(Ljava/lang/Object;Ljava/lang/Object;Ljava/lang/Object;Ljava/lang/Object;I)Ljava/lang/Object;> (0x00000000962dde80) thrown at [t:/worksp
Event: 12.380 Thread 0x000001db3ae0b800 Exception <a 'java/io/FileNotFoundException'{0x0000000096f41968}> (0x0000000096f41968) thrown at [t:/workspace/open/src/hotspot/share/prims/jni.cpp, line 615]
Event: 13.916 Thread 0x000001db3ae0b800 Exception <a 'java/lang/NoSuchMethodError'{0x0000000095fc6e50}: java.lang.invoke.DirectMethodHandle$Holder.invokeSpecialIFC(Ljava/lang/Object;Ljava/lang/Object;I)I> (0x0000000095fc6e50) thrown at [t:/workspace/open/src/hotspot/share/interpreter/linkResolv
Event: 16.470 Thread 0x000001db3ae0b800 Exception <a 'java/lang/NoClassDefFoundError'{0x00000000962ca010}: com/google/inject/servlet/ServletModuleTargetVisitor> (0x00000000962ca010) thrown at [t:/workspace/open/src/hotspot/share/classfile/systemDictionary.cpp, line 220]
Event: 16.470 Thread 0x000001db3ae0b800 Exception <a 'java/lang/NoClassDefFoundError'{0x00000000962ca010}> (0x00000000962ca010) thrown at [t:/workspace/open/src/hotspot/share/prims/jvm.cpp, line 1311]
Event: 16.470 Thread 0x000001db3ae0b800 Exception <a 'java/lang/NoClassDefFoundError'{0x00000000962cd828}: javax/annotation/Priority> (0x00000000962cd828) thrown at [t:/workspace/open/src/hotspot/share/classfile/systemDictionary.cpp, line 220]
Event: 16.711 Thread 0x000001db3ae0b800 Exception <a 'java/lang/NoSuchMethodError'{0x0000000095d33c58}: java.lang.invoke.DirectMethodHandle$Holder.invokeStaticInit(Ljava/lang/Object;IIII)Ljava/lang/Object;> (0x0000000095d33c58) thrown at [t:/workspace/open/src/hotspot/share/interpreter/linkReso
Event: 17.711 Thread 0x000001db3cabf800 Exception <a 'java/lang/NoSuchMethodError'{0x00000000952f5498}: <clinit>> (0x00000000952f5498) thrown at [t:/workspace/open/src/hotspot/share/prims/jni.cpp, line 1364]
Event: 30.161 Thread 0x000001db3ae0b800 Exception <a 'java/io/IOException'{0x0000000095bc26a0}> (0x0000000095bc26a0) thrown at [t:/workspace/open/src/hotspot/share/prims/jni.cpp, line 615]

Events (10 events):
Event: 23.893 Thread 0x000001db3ae0b800 DEOPT UNPACKING pc=0x000001db249b8eaf sp=0x00000025224faf90 mode 2
Event: 25.258 Thread 0x000001db3ae0b800 DEOPT PACKING pc=0x000001db2552e4d6 sp=0x00000025224faa50
Event: 25.258 Thread 0x000001db3ae0b800 DEOPT UNPACKING pc=0x000001db249b8cce sp=0x00000025224f9f30 mode 0
Event: 25.429 Executing VM operation: G1CollectForAllocation
Event: 25.452 Executing VM operation: G1CollectForAllocation done
Event: 28.762 loading class org/apache/maven/model/merge/ModelMerger$1
Event: 28.762 loading class org/apache/maven/model/merge/ModelMerger$1 done
Event: 30.162 loading class org/slf4j/helpers/MessageFormatter
Event: 30.162 loading class org/slf4j/helpers/MessageFormatter done
Event: 30.173 Executing VM operation: CollectForMetadataAllocation


Dynamic libraries:
0x00007ff693c00000 - 0x00007ff693c47000 	C:\Program Files\Java\jdk-11.0.2\bin\java.exe
0x00007ffb41db0000 - 0x00007ffb41f91000 	C:\windows\SYSTEM32\ntdll.dll
0x00007ffb410b0000 - 0x00007ffb41161000 	C:\windows\System32\KERNEL32.DLL
0x00007ffb3e570000 - 0x00007ffb3e7e3000 	C:\windows\System32\KERNELBASE.dll
0x00007ffb407f0000 - 0x00007ffb40891000 	C:\windows\System32\ADVAPI32.dll
0x00007ffb41010000 - 0x00007ffb410ae000 	C:\windows\System32\msvcrt.dll
0x00007ffb40790000 - 0x00007ffb407eb000 	C:\windows\System32\sechost.dll
0x00007ffb41580000 - 0x00007ffb416a4000 	C:\windows\System32\RPCRT4.dll
0x00007ffb413b0000 - 0x00007ffb41540000 	C:\windows\System32\USER32.dll
0x00007ffb3f1a0000 - 0x00007ffb3f1c0000 	C:\windows\System32\win32u.dll
0x00007ffb408a0000 - 0x00007ffb408c8000 	C:\windows\System32\GDI32.dll
0x00007ffb3f000000 - 0x00007ffb3f191000 	C:\windows\System32\gdi32full.dll
0x00007ffb3e3d0000 - 0x00007ffb3e46f000 	C:\windows\System32\msvcp_win.dll
0x00007ffb3ef00000 - 0x00007ffb3eff8000 	C:\windows\System32\ucrtbase.dll
0x00007ffb2af60000 - 0x00007ffb2b1c9000 	C:\windows\WinSxS\amd64_microsoft.windows.common-controls_6595b64144ccf1df_6.0.17134.950_none_fb3da4273069d3e0\COMCTL32.dll
0x00007ffb40b50000 - 0x00007ffb40e72000 	C:\windows\System32\combase.dll
0x00007ffb3f1c0000 - 0x00007ffb3f239000 	C:\windows\System32\bcryptPrimitives.dll
0x00007ffb33920000 - 0x00007ffb3392a000 	C:\windows\SYSTEM32\VERSION.dll
0x00007ffb41540000 - 0x00007ffb4156d000 	C:\windows\System32\IMM32.DLL
0x00007ffb23690000 - 0x00007ffb236a6000 	C:\Program Files\Java\jdk-11.0.2\bin\vcruntime140.dll
0x00007ffb0d0d0000 - 0x00007ffb0d17a000 	C:\Program Files\Java\jdk-11.0.2\bin\msvcp140.dll
0x00007ffafb8c0000 - 0x00007ffafc3e7000 	C:\Program Files\Java\jdk-11.0.2\bin\server\jvm.dll
0x00007ffb41570000 - 0x00007ffb41578000 	C:\windows\System32\PSAPI.DLL
0x00007ffb2f310000 - 0x00007ffb2f319000 	C:\windows\SYSTEM32\WSOCK32.dll
0x00007ffb40f90000 - 0x00007ffb40ffc000 	C:\windows\System32\WS2_32.dll
0x00007ffb3c330000 - 0x00007ffb3c353000 	C:\windows\SYSTEM32\WINMM.dll
0x00007ffb3c300000 - 0x00007ffb3c32a000 	C:\windows\SYSTEM32\WINMMBASE.dll
0x00007ffb3e470000 - 0x00007ffb3e4b9000 	C:\windows\System32\cfgmgr32.dll
0x00007ffb3e0e0000 - 0x00007ffb3e0f1000 	C:\windows\System32\kernel.appcore.dll
0x00007ffb22840000 - 0x00007ffb22851000 	C:\Program Files\Java\jdk-11.0.2\bin\verify.dll
0x00007ffb2f040000 - 0x00007ffb2f209000 	C:\windows\SYSTEM32\DBGHELP.DLL
0x00007ffb2f010000 - 0x00007ffb2f039000 	C:\windows\SYSTEM32\dbgcore.DLL
0x00007ffb22810000 - 0x00007ffb22839000 	C:\Program Files\Java\jdk-11.0.2\bin\java.dll
0x00007ffb227f0000 - 0x00007ffb22806000 	C:\Program Files\Java\jdk-11.0.2\bin\zip.dll
0x00007ffb2d250000 - 0x00007ffb2d25a000 	C:\Program Files\Java\jdk-11.0.2\bin\jimage.dll
0x00007ffb3f350000 - 0x00007ffb40790000 	C:\windows\System32\SHELL32.dll
0x00007ffb3f240000 - 0x00007ffb3f2e9000 	C:\windows\System32\shcore.dll
0x00007ffb3e7f0000 - 0x00007ffb3eefd000 	C:\windows\System32\windows.storage.dll
0x00007ffb3f2f0000 - 0x00007ffb3f341000 	C:\windows\System32\shlwapi.dll
0x00007ffb3e0c0000 - 0x00007ffb3e0df000 	C:\windows\System32\profapi.dll
0x00007ffb3e130000 - 0x00007ffb3e17c000 	C:\windows\System32\powrprof.dll
0x00007ffb3e120000 - 0x00007ffb3e12a000 	C:\windows\System32\FLTLIB.DLL
0x00007ffb22700000 - 0x00007ffb22719000 	C:\Program Files\Java\jdk-11.0.2\bin\net.dll
0x00007ffb38fa0000 - 0x00007ffb3907d000 	C:\windows\SYSTEM32\WINHTTP.dll
0x00007ffb34970000 - 0x00007ffb34b39000 	C:\windows\SYSTEM32\urlmon.dll
0x00007ffb34cf0000 - 0x00007ffb34f96000 	C:\windows\SYSTEM32\iertutil.dll
0x00007ffb3dab0000 - 0x00007ffb3dabb000 	C:\windows\SYSTEM32\CRYPTBASE.DLL
0x00007ffb3d8e0000 - 0x00007ffb3d946000 	C:\windows\system32\mswsock.dll
0x00007ffb22570000 - 0x00007ffb22583000 	C:\Program Files\Java\jdk-11.0.2\bin\nio.dll
0x00007ffaff3a0000 - 0x00007ffaff53f000 	C:\Program Files\Java\jdk-11.0.2\bin\awt.dll
0x00007ffb41b10000 - 0x00007ffb41bd2000 	C:\windows\System32\OLEAUT32.dll
0x00007ffb3b2b0000 - 0x00007ffb3b877000 	C:\windows\SYSTEM32\d2d1.dll
0x00007ffb3c420000 - 0x00007ffb3c4ab000 	C:\windows\SYSTEM32\apphelp.dll

dbghelp: loaded successfully - version: 4.0.5 - missing functions: none
symbol engine: initialized successfully - sym options: 0x614 - pdb path: .;C:\Program Files\Java\jdk-13.0.2\bin;C:\windows\SYSTEM32;C:\windows\WinSxS\amd64_microsoft.windows.common-controls_6595b64144ccf1df_6.0.17134.950_none_fb3da4273069d3e0;C:\Program Files\Java\jdk-13.0.2\bin\server

VM Arguments:
java_command: jenkins.maven3.agent.Maven35Main C:\Users\VMQApractice\.jenkins\tools\hudson.tasks.Maven_MavenInstallation\TestMaven C:\Users\VMQApractice\.jenkins\war\WEB-INF\lib\remoting-3.33.jar C:\Users\VMQApractice\.jenkins\plugins\maven-plugin\WEB-INF\lib\maven35-interceptor-1.13.jar C:\Users\VMQApractice\.jenkins\plugins\maven-plugin\WEB-INF\lib\maven3-interceptor-commons-1.13.jar 50291
java_class_path (initial): C:\Users\VMQApractice\.jenkins\plugins\maven-plugin\WEB-INF\lib\maven35-agent-1.13.jar;C:\Users\VMQApractice\.jenkins\tools\hudson.tasks.Maven_MavenInstallation\TestMaven\boot\plexus-classworlds-2.6.0.jar;C:\Users\VMQApractice\.jenkins\tools\hudson.tasks.Maven_MavenInstallation\TestMaven/conf/logging
Launcher Type: SUN_STANDARD

[Global flags]
     intx CICompilerCount                          = 2                                         {product} {ergonomic}
     uint ConcGCThreads                            = 1                                         {product} {ergonomic}
     uint G1ConcRefinementThreads                  = 2                                         {product} {ergonomic}
   size_t G1HeapRegionSize                         = 1048576                                   {product} {ergonomic}
    uintx GCDrainStackTargetSize                   = 64                                        {product} {ergonomic}
   size_t InitialHeapSize                          = 117440512                                 {product} {ergonomic}
   size_t MarkStackSize                            = 4194304                                   {product} {ergonomic}
   size_t MaxHeapSize                              = 1879048192                                {product} {ergonomic}
   size_t MaxNewSize                               = 1127219200                                {product} {ergonomic}
   size_t MinHeapDeltaBytes                        = 1048576                                   {product} {ergonomic}
    uintx NonNMethodCodeHeapSize                   = 5824844                                {pd product} {ergonomic}
    uintx NonProfiledCodeHeapSize                  = 122916698                              {pd product} {ergonomic}
    uintx ProfiledCodeHeapSize                     = 122916698                              {pd product} {ergonomic}
    uintx ReservedCodeCacheSize                    = 251658240                              {pd product} {ergonomic}
     bool SegmentedCodeCache                       = true                                      {product} {ergonomic}
     bool UseCompressedClassPointers               = true                                 {lp64_product} {ergonomic}
     bool UseCompressedOops                        = true                                 {lp64_product} {ergonomic}
     bool UseG1GC                                  = true                                      {product} {ergonomic}
     bool UseLargePagesIndividualAllocation        = false                                  {pd product} {ergonomic}

Logging:
Log output configuration:
 #0: stdout all=warning uptime,level,tags
 #1: stderr all=off uptime,level,tags

Environment Variables:
JAVA_HOME=C:\Program Files\Java\jdk-11.0.2
PATH=C:\Users\VMQApractice\.jenkins\tools\hudson.tasks.Maven_MavenInstallation\TestMaven/bin;C:\Program Files\Java\jdk-11.0.2\bin;C:\apache-maven-3.6.1\bin;C:\Users\VMQApractice\AppData\Local\Microsoft\WindowsApps;
USERNAME=VMQApractice
OS=Windows_NT
PROCESSOR_IDENTIFIER=Intel64 Family 6 Model 45 Stepping 7, GenuineIntel



---------------  S Y S T E M  ---------------

OS: Windows 10 , 64 bit Build 17134 (10.0.17134.753)

CPU:total 2 (initial active 2) (2 cores per cpu, 1 threads per core) family 6 model 45 stepping 7, cmov, cx8, fxsr, mmx, sse, sse2, sse3, ssse3, sse4.1, sse4.2, popcnt, avx, aes, clmul, tsc

Memory: 4k page, system-wide physical 7167M (1026M free)
TotalPageFile size 8959M (AvailPageFile size 0M)
current process WorkingSet (physical memory assigned to process): 173M, peak: 174M
current process commit charge ("private bytes"): 243M, peak: 255M

vm_info: Java HotSpot(TM) 64-Bit Server VM (11.0.2+9-LTS) for windows-amd64 JRE (11.0.2+9-LTS), built on Jan 18 2019 05:24:10 by "mach5one" with MS VC++ 15.5 (VS2017)

END.
